* File Layout for GIT.INTERFACE.OUT Created 11 DEC 06 at 08:40PM by t24pb
*      PREFIX[GIT.INT.OUT.]      SUFFIX[]
 EQU GIT.INT.OUT.DESCRIPTION TO 1,         GIT.INT.OUT.GIT.MODE TO 2, 
   GIT.INT.OUT.GIT.COMPONENT TO 3,             GIT.INT.OUT.TYPE TO 4, 
       GIT.INT.OUT.TYPE.DESC TO 5,            GIT.INT.OUT.TABLE TO 6, 
    GIT.INT.OUT.SEL.CRITERIA TO 7,          GIT.INT.OUT.COMPANY TO 8, 
      GIT.INT.OUT.MAPPING.ID TO 9,   GIT.INT.OUT.FORMATTING.ID TO 10, 
   GIT.INT.OUT.TYPE.PROCESS TO 11,      GIT.INT.OUT.XML.SCHEMA TO 12, 
   GIT.INT.OUT.TABLE.UPDATE TO 13,  GIT.INT.OUT.ENQUIRY.REPORT TO 14, 
    GIT.INT.OUT.RESERVED.11 TO 15,    GIT.INT.OUT.PROCESS.INFO TO 16, 
   GIT.INT.OUT.TRANSPORT.ID TO 17,     GIT.INT.OUT.TRANSACTION TO 18, 
     GIT.INT.OUT.RECORD.ALL TO 19,      GIT.INT.OUT.MERGE.TYPE TO 20, 
   GIT.INT.OUT.RECORD.DELIM TO 21,     GIT.INT.OUT.FIELD.DELIM TO 22, 
     GIT.INT.OUT.DETAIL.LOG TO 23,      GIT.INT.OUT.ERROR.STOP TO 24, 
   GIT.INT.OUT.PROCESS.NULL TO 25,     GIT.INT.OUT.PRE.ROUTINE TO 26, 
   GIT.INT.OUT.POST.ROUTINE TO 27,     GIT.INT.OUT.REPORT.VIEW TO 28, 
    GIT.INT.OUT.CLEAR.FILES TO 29,   GIT.INT.OUT.SHOW.PROGRESS TO 30, 
  GIT.INT.OUT.PROCESS.SPEED TO 31,       GIT.INT.OUT.CACHE.OFF TO 32, 
     GIT.INT.OUT.RESERVED.2 TO 33,      GIT.INT.OUT.RESERVED.1 TO 34, 
      GIT.INT.OUT.LOCAL.REF TO 35,   GIT.INT.OUT.RECORD.STATUS TO 36, 
        GIT.INT.OUT.CURR.NO TO 37,        GIT.INT.OUT.INPUTTER TO 38, 
      GIT.INT.OUT.DATE.TIME TO 39,      GIT.INT.OUT.AUTHORISER TO 40, 
        GIT.INT.OUT.CO.CODE TO 41,       GIT.INT.OUT.DEPT.CODE TO 42, 
   GIT.INT.OUT.AUDITOR.CODE TO 43, GIT.INT.OUT.AUDIT.DATE.TIME TO 44
